[0618/172321.354:INFO:CONSOLE(0)] "Error with Permissions-Policy header: Feature xr-spatial-tracking's parameters are ignored.", source:  (0)
[0618/172321.354:INFO:CONSOLE(0)] "Error with Permissions-Policy header: Origin trial controlled feature not enabled: 'attribution-reporting'.", source:  (0)
[0618/172321.354:INFO:CONSOLE(0)] "Error with Permissions-Policy header: Unrecognized feature: 'compute-pressure'.", source:  (0)
[0618/172321.354:INFO:CONSOLE(0)] "Error with Permissions-Policy header: Origin trial controlled feature not enabled: 'interest-cohort'.", source:  (0)
[0618/172321.354:INFO:CONSOLE(0)] "Error with Permissions-Policy header: Unrecognized feature: 'private-state-token-issuance'.", source:  (0)
[0618/172321.361:INFO:CONSOLE(0)] "Error with Permissions-Policy header: Origin trial controlled feature not enabled: 'shared-storage'.", source:  (0)
[0618/172321.361:INFO:CONSOLE(0)] "Error with Permissions-Policy header: Unrecognized feature: 'shared-storage-select-url'.", source:  (0)
[0618/172321.361:INFO:CONSOLE(0)] "Error with Permissions-Policy header: Unrecognized feature: 'private-state-token-redemption'.", source:  (0)
[0618/172321.361:INFO:CONSOLE(0)] "Error with Permissions-Policy header: Unrecognized feature: 'unload'.", source:  (0)
[0618/172321.361:INFO:CONSOLE(0)] "Error with Permissions-Policy header: Unrecognized feature: 'window-management'.", source:  (0)
[0618/172321.361:INFO:CONSOLE(0)] "Document-Policy HTTP header: Unrecognized document policy feature name include-js-call-stacks-in-crash-reports.", source: https://web.whatsapp.com/ (0)
[0618/172324.439:INFO:CONSOLE(163)] "Event handler of 'x-storagemutated-1' event must be added on the initial evaluation of worker script.", source: https://static.whatsapp.net/rsrc.php/v4/yI/r/eYxmQABDSxD.js (163)
[0618/172352.544:INFO:CONSOLE(5)] "Uncaught (in promise) Error: secretKey is null or undefined", source:  (5)
[0618/172821.892:INFO:CONSOLE(163)] "Event handler of 'x-storagemutated-1' event must be added on the initial evaluation of worker script.", source: https://static.whatsapp.net/rsrc.php/v4/yI/r/eYxmQABDSxD.js (163)
[0618/172856.152:INFO:CONSOLE(1318)] "Failed to parse video contentType: video/mp4; codecs=avc1.42000a", source: https://static.whatsapp.net/rsrc.php/v4iMf_4/yg/l/rt/V6mzng_zQU4.js (1318)
[0618/172856.152:INFO:CONSOLE(1318)] "Failed to parse video contentType: video/mp4; codecs=hev1.1.6.L93.B0", source: https://static.whatsapp.net/rsrc.php/v4iMf_4/yg/l/rt/V6mzng_zQU4.js (1318)
[0618/172901.975:INFO:CONSOLE(163)] "Event handler of 'x-storagemutated-1' event must be added on the initial evaluation of worker script.", source: https://static.whatsapp.net/rsrc.php/v4/yI/r/eYxmQABDSxD.js (163)
[0618/173040.805:INFO:CONSOLE(163)] "Event handler of 'x-storagemutated-1' event must be added on the initial evaluation of worker script.", source: https://static.whatsapp.net/rsrc.php/v4/yI/r/eYxmQABDSxD.js (163)
[0618/173203.133:INFO:CONSOLE(163)] "Event handler of 'x-storagemutated-1' event must be added on the initial evaluation of worker script.", source: https://static.whatsapp.net/rsrc.php/v4/yI/r/eYxmQABDSxD.js (163)
[0618/173409.751:INFO:CONSOLE(163)] "Event handler of 'x-storagemutated-1' event must be added on the initial evaluation of worker script.", source: https://static.whatsapp.net/rsrc.php/v4/yI/r/eYxmQABDSxD.js (163)
[0618/174113.047:WARNING:dns_config_service_win.cc(584)] Failed to read DnsConfig.
[0618/174113.908:INFO:CONSOLE(163)] "Event handler of 'x-storagemutated-1' event must be added on the initial evaluation of worker script.", source: https://static.whatsapp.net/rsrc.php/v4/yI/r/eYxmQABDSxD.js (163)
[0618/174343.697:INFO:CONSOLE(163)] "Event handler of 'x-storagemutated-1' event must be added on the initial evaluation of worker script.", source: https://static.whatsapp.net/rsrc.php/v4/yI/r/eYxmQABDSxD.js (163)
[0618/174904.197:INFO:CONSOLE(163)] "Event handler of 'x-storagemutated-1' event must be added on the initial evaluation of worker script.", source: https://static.whatsapp.net/rsrc.php/v4/yI/r/eYxmQABDSxD.js (163)
[0618/180155.238:INFO:CONSOLE(163)] "Event handler of 'x-storagemutated-1' event must be added on the initial evaluation of worker script.", source: https://static.whatsapp.net/rsrc.php/v4/yI/r/eYxmQABDSxD.js (163)
[0618/180504.093:INFO:CONSOLE(163)] "Event handler of 'x-storagemutated-1' event must be added on the initial evaluation of worker script.", source: https://static.whatsapp.net/rsrc.php/v4/yI/r/eYxmQABDSxD.js (163)
[0618/180937.648:INFO:CONSOLE(163)] "Event handler of 'x-storagemutated-1' event must be added on the initial evaluation of worker script.", source: https://static.whatsapp.net/rsrc.php/v4/yI/r/eYxmQABDSxD.js (163)
[0618/181452.827:INFO:CONSOLE(163)] "Event handler of 'x-storagemutated-1' event must be added on the initial evaluation of worker script.", source: https://static.whatsapp.net/rsrc.php/v4/yI/r/eYxmQABDSxD.js (163)
[0618/181837.188:INFO:CONSOLE(163)] "Event handler of 'x-storagemutated-1' event must be added on the initial evaluation of worker script.", source: https://static.whatsapp.net/rsrc.php/v4/yI/r/eYxmQABDSxD.js (163)
[0618/181941.195:INFO:CONSOLE(163)] "Event handler of 'x-storagemutated-1' event must be added on the initial evaluation of worker script.", source: https://static.whatsapp.net/rsrc.php/v4/yI/r/eYxmQABDSxD.js (163)
